[mauro-modern-fbt.blogspot.com/index.html]
[backblue.gif]
[fade.gif]
[index.html]
[mauro-modern-fbt.blogspot.com/favicon.ico]
[mauro-modern-fbt.blogspot.com/feeds/posts/default]
[mauro-modern-fbt.blogspot.com/feeds/posts/default9522]
[use.fontawesome.com/releases/v6.4.2/css/all1e39.css]
[maxcdn.bootstrapcdn.com/font-awesome/4.7.0/css/font-awesome.min1849.css]
[cdn.jsdelivr.net/npm/bootstrap@4.6.2/dist/css/bootstrap.min83b6.css]
[ajax.googleapis.com/ajax/libs/jquery/3.6.4/jquery.min5aed.js]
[mauro-modern-fbt.blogspot.com/2017/03/why-product-thinking-is-next-big-thing.html]
[mauro-modern-fbt.blogspot.com/2017/03/duis-tempor-purus-rutrum-tincidunt-lacus.html]
[mauro-modern-fbt.blogspot.com/2017/03/corporate-workflow-make-difference.html]
[mauro-modern-fbt.blogspot.com/searchc70b.html]
[mauro-modern-fbt.blogspot.com/index562e.html]
[mauro-modern-fbt.blogspot.com/search/label/Politics.html]
[blogger.googleusercontent.com/img/b/R29vZ2xl/AVvXsEggktzdvt6l2RCdTzrR9dYeZ0Xsj6M6hu5ddzooN3Q/s16000/img-f.jpg]
[mauro-modern-fbt.blogspot.com/2023/02/is-britains-likely-next-leader-great.html]
[blogger.googleusercontent.com/img/b/R29vZ2xl/AVvXsEgFmiCrYbELLKbIECi-R-vVfO5hQ8_YckpVQT4UfyK/s16000/img-1.jpg]
[mauro-modern-fbt.blogspot.com/search/label/Design.html]
[mauro-modern-fbt.blogspot.com/2019/06/google-hit-with-record-eu-fine-over.html]
[blogger.googleusercontent.com/img/b/R29vZ2xl/AVvXsEjVmLdYl9iR6EIflRd4HEhjcBxW6GyYXodQSpfqhXz/s16000/img-2.jpg]
[mauro-modern-fbt.blogspot.com/search/label/Friends.html]
[mauro-modern-fbt.blogspot.com/2018/09/poeple-break-down-covid-19-home.html]
[blogger.googleusercontent.com/img/b/R29vZ2xl/AVvXsEheQST7eJIEiN2KaBcTzlVARzZGfzBgh9TduOhWENP/s16000/img-3.jpg]
[mauro-modern-fbt.blogspot.com/2018/05/apple-wants-same-apps-to-run-on-iphones.html]
[blogger.googleusercontent.com/img/b/R29vZ2xl/AVvXsEiw5LgDsuoTb2SnUrCR9VV_T_-9ZjnmK39lhMWdslZ/s16000/img-4.jpg]
[mauro-modern-fbt.blogspot.com/2017/04/congressional-leaders-reach-budget-debt.html]
[blogger.googleusercontent.com/img/b/R29vZ2xl/AVvXsEjt9h4jifkTkmVwyMftjet4txtcEfhSy0qB3J-s1s4/s16000/img-5.jpg]
[mauro-modern-fbt.blogspot.com/2017/03/nunc-accumsan-ex-ligula-in-sapien.html]
[blogger.googleusercontent.com/img/b/R29vZ2xl/AVvXsEge6Q1gfWBbCGCUylhCyi7Um42lsTywUACiT3dNL2x/s16000/img-6.jpg]
[mauro-modern-fbt.blogspot.com/2017/03/lorem-ipsum-dolor-sit-amet-consectetur.html]
[blogger.googleusercontent.com/img/b/R29vZ2xl/AVvXsEiRA8DDCEkqS9FIMh5FkfKKlGrwLPqJH26Zr03a09T/s16000/img-7.jpg]
[mauro-modern-fbt.blogspot.com/2017/03/creative-pretty-photography-ideas-from.html]
[blogger.googleusercontent.com/img/b/R29vZ2xl/AVvXsEgLjgmnDH0A0aKZzxORHos5OTnTrLyNw6AOy4x1cc0/s16000/img-8.jpg]
[mauro-modern-fbt.blogspot.com/search464b.html]
[mauro-modern-fbt.blogspot.com/_i class=_fa fa-instagram___/i_.20.delayed]
[blogger.googleusercontent.com/img/b/R29vZ2xl/AVvXsEixglWgsNNZPU5eg_Fg8tdSW0IkY730vPV7szEeQIP/s16000/img-9.jpg]
[mauro-modern-fbt.blogspot.com/search/label/Business.html]
[mauro-modern-fbt.blogspot.com/search/label/Carousel.html]
[mauro-modern-fbt.blogspot.com/search/label/Entertainment.html]
[mauro-modern-fbt.blogspot.com/search/label/Home.html]
[mauro-modern-fbt.blogspot.com/search/label/Lifestyle.html]
[mauro-modern-fbt.blogspot.com/search/label/People.html]
[mauro-modern-fbt.blogspot.com/search/label/Slider.html]
[mauro-modern-fbt.blogspot.com/search/label/Sport.html]
[mauro-modern-fbt.blogspot.com/search/label/Training.html]
[cdn.jsdelivr.net/npm/bootstrap@4.6.2/dist/js/bootstrap.bundle.min83b6.js]
[www.blogger.com/static/v1/widgets/490852838-widgets.js]
[mauro-modern-fbt.blogspot.com/index.html]
[use.fontawesome.com/releases/v6.4.2/css/all1e39.css]
[maxcdn.bootstrapcdn.com/font-awesome/4.7.0/css/font-awesome.min1849.css]
[cdn.jsdelivr.net/npm/bootstrap@4.6.2/dist/css/bootstrap.min83b6.css]
[mauro-modern-fbt.blogspot.com/feeds/339057117828767277/comments/default]
[blogger.googleusercontent.com/img/b/R29vZ2xl/AVvXsEhUwJEvB5Mgqp0tYkzUiMpRhiqWkNroc2SY2FeHq407yOB4H4G4R6p1CtyaRmETCxNO1nB0P4J9iPvb2wTCNQCCai4qougbQ2VwjHZAsCaYsbkN1YeBoddhdgMMaAAkNg/w45/avatar.jpg]
[blogger.googleusercontent.com/img/b/R29vZ2xl/AVvXsEggktzdvt6l2RCdTzrR9dYeZ0Xsj6M6hu5ddzooN3Q/s1200/img-f.jpg]
[blogger.googleusercontent.com/img/b/R29vZ2xl/AVvXsEg2khcgtJ8RTbzKE6zKerbDTc4ycaBlkVXjO3k8p98/s1000/single-1-min.jpg]
[blogger.googleusercontent.com/img/b/R29vZ2xl/AVvXsEg2khcgtJ8RTbzKE6zKerbDTc4ycaBlkVXjO3k8p98/w640-h427/single-1-min.jpg]
[mauro-modern-fbt.blogspot.com/2017/03/sed-odio-eros-dictum-non-augue-et.html]
[mauro-modern-fbt.blogspot.com/2017/03/nulla-profecto-est-quin-suam-vim.html]
[blogger.googleusercontent.com/img/b/R29vZ2xl/AVvXsEhUwJEvB5Mgqp0tYkzUiMpRhiqWkNroc2SY2FeHq407yOB4H4G4R6p1CtyaRmETCxNO1nB0P4J9iPvb2wTCNQCCai4qougbQ2VwjHZAsCaYsbkN1YeBoddhdgMMaAAkNg/w80/avatar.jpg]
[www.blogger.com/static/v1/jsbin/4235886812-comment_from_post_iframe.js]
[mauro-modern-fbt.blogspot.com/2017/03/_i class=_fa fa-instagram___/i_.39.delayed]
[mauro-modern-fbt.blogspot.com/2017/03/why-product-thinking-is-next-big-thing.html]
[mauro-modern-fbt.blogspot.com/feeds/1092403819992396590/comments/default]
[blogger.googleusercontent.com/img/b/R29vZ2xl/AVvXsEixglWgsNNZPU5eg_Fg8tdSW0IkY730vPV7szEeQIP/s1200/img-9.jpg]
[mauro-modern-fbt.blogspot.com/2017/03/duis-tempor-purus-rutrum-tincidunt-lacus.html]
[mauro-modern-fbt.blogspot.com/feeds/7176768877217022302/comments/default]
[blogger.googleusercontent.com/img/b/R29vZ2xl/AVvXsEi5p_by7R3hGeXFp1Cr4jxQZemu7G_Fu7OPEyQJkH8/s16000/img-12.jpg]
[blogger.googleusercontent.com/img/b/R29vZ2xl/AVvXsEi5p_by7R3hGeXFp1Cr4jxQZemu7G_Fu7OPEyQJkH8/s1200/img-12.jpg]
[mauro-modern-fbt.blogspot.com/2017/03/corporate-workflow-make-difference.html]
[mauro-modern-fbt.blogspot.com/2017/03/morbi-lobortis-ultricies-urna-neque.html]
[mauro-modern-fbt.blogspot.com/search/label/Politics562e.html]
[mauro-modern-fbt.blogspot.com/2017/03/why-product-thinking-is-next-big-thing562e.html]
[mauro-modern-fbt.blogspot.com/2023/02/is-britains-likely-next-leader-great562e.html]
[mauro-modern-fbt.blogspot.com/search/label/Design562e.html]
[mauro-modern-fbt.blogspot.com/2019/06/google-hit-with-record-eu-fine-over562e.html]
[mauro-modern-fbt.blogspot.com/search/label/Friends562e.html]
[mauro-modern-fbt.blogspot.com/2018/09/poeple-break-down-covid-19-home562e.html]
[mauro-modern-fbt.blogspot.com/2018/05/apple-wants-same-apps-to-run-on-iphones562e.html]
[mauro-modern-fbt.blogspot.com/2017/04/congressional-leaders-reach-budget-debt562e.html]
[mauro-modern-fbt.blogspot.com/2017/03/nunc-accumsan-ex-ligula-in-sapien562e.html]
[mauro-modern-fbt.blogspot.com/2017/03/lorem-ipsum-dolor-sit-amet-consectetur562e.html]
[mauro-modern-fbt.blogspot.com/2017/03/creative-pretty-photography-ideas-from562e.html]
[mauro-modern-fbt.blogspot.com/search8ea8.html]
[mauro-modern-fbt.blogspot.com/2017/03/duis-tempor-purus-rutrum-tincidunt-lacus562e.html]
[mauro-modern-fbt.blogspot.com/search/label/Business562e.html]
[mauro-modern-fbt.blogspot.com/search/label/Carousel562e.html]
[mauro-modern-fbt.blogspot.com/search/label/Entertainment562e.html]
[mauro-modern-fbt.blogspot.com/search/label/Home562e.html]
[mauro-modern-fbt.blogspot.com/search/label/Lifestyle562e.html]
[mauro-modern-fbt.blogspot.com/search/label/People562e.html]
[mauro-modern-fbt.blogspot.com/search/label/Slider562e.html]
[mauro-modern-fbt.blogspot.com/search/label/Sport562e.html]
[mauro-modern-fbt.blogspot.com/search/label/Training562e.html]
[www.google.com/js/bg/i_I7gtk5u389ZGUJiYlLngBTR4no54KgcGkAXYvtCUw.js]
[mauro-modern-fbt.blogspot.com/b/csi7cd9.js]
[mauro-modern-fbt.blogspot.com/index562e.html]
[mauro-modern-fbt.blogspot.com/index2b4c.html]
[mauro-modern-fbt.blogspot.com/searchc70b.html]
[mauro-modern-fbt.blogspot.com/searche0a7.html]
[mauro-modern-fbt.blogspot.com/search/label/Politics546a.html]
[mauro-modern-fbt.blogspot.com/search/label/Politics.html]
[mauro-modern-fbt.blogspot.com/search/label/_i class=_fa fa-instagram___/i_.html]
[mauro-modern-fbt.blogspot.com/feeds/5045971806626066534/comments/default]
[blogger.googleusercontent.com/img/b/R29vZ2xl/AVvXsEgFmiCrYbELLKbIECi-R-vVfO5hQ8_YckpVQT4UfyK/s1200/img-1.jpg]
[mauro-modern-fbt.blogspot.com/2023/02/_i class=_fa fa-instagram___/i_.60.delayed]
[mauro-modern-fbt.blogspot.com/2023/02/is-britains-likely-next-leader-great.html]
[blogger.googleusercontent.com/img/b/R29vZ2xl/AVvXsEgKU-Gdj-1N_Upht_ZMXJOioa-HJsPH8WdWoAjnVUA/s16000/img-14.jpg]
[mauro-modern-fbt.blogspot.com/2017/03/why-us-newspapers-are-sounding-alarm.html]
[blogger.googleusercontent.com/img/b/R29vZ2xl/AVvXsEi38kM_cVihHaSaw4oH1WV6pNj7HjT75J9BHLIuTzu/s16000/img-15.jpg]
[mauro-modern-fbt.blogspot.com/search/label/Design.html]
[mauro-modern-fbt.blogspot.com/search/label/Designcb21.html]
[mauro-modern-fbt.blogspot.com/feeds/2881738541033332838/comments/default]
[blogger.googleusercontent.com/img/b/R29vZ2xl/AVvXsEjVmLdYl9iR6EIflRd4HEhjcBxW6GyYXodQSpfqhXz/s1200/img-2.jpg]
[mauro-modern-fbt.blogspot.com/2019/06/_i class=_fa fa-instagram___/i_.67.delayed]
[mauro-modern-fbt.blogspot.com/2019/06/google-hit-with-record-eu-fine-over.html]
[blogger.googleusercontent.com/img/b/R29vZ2xl/AVvXsEg-DItvur4j_6SeJj0ME6D2BukimBraG-bHZVdOLYl/s16000/img-13.jpg]
[mauro-modern-fbt.blogspot.com/search/label/Friends.html]
[mauro-modern-fbt.blogspot.com/search/label/Friendsbd58.html]
[mauro-modern-fbt.blogspot.com/feeds/4731290532993174561/comments/default]
[blogger.googleusercontent.com/img/b/R29vZ2xl/AVvXsEheQST7eJIEiN2KaBcTzlVARzZGfzBgh9TduOhWENP/s1797/img-3.jpg]
[mauro-modern-fbt.blogspot.com/2018/09/_i class=_fa fa-instagram___/i_.6c.delayed]
[mauro-modern-fbt.blogspot.com/2018/09/poeple-break-down-covid-19-home.html]
[mauro-modern-fbt.blogspot.com/feeds/3557957174674108325/comments/default]
[blogger.googleusercontent.com/img/b/R29vZ2xl/AVvXsEiw5LgDsuoTb2SnUrCR9VV_T_-9ZjnmK39lhMWdslZ/s1238/img-4.jpg]
[mauro-modern-fbt.blogspot.com/2018/05/_i class=_fa fa-instagram___/i_.6f.delayed]
[mauro-modern-fbt.blogspot.com/2018/05/apple-wants-same-apps-to-run-on-iphones.html]
[mauro-modern-fbt.blogspot.com/feeds/7314283572067398556/comments/default]
[blogger.googleusercontent.com/img/b/R29vZ2xl/AVvXsEjt9h4jifkTkmVwyMftjet4txtcEfhSy0qB3J-s1s4/s1200/img-5.jpg]
[mauro-modern-fbt.blogspot.com/2017/04/_i class=_fa fa-instagram___/i_.72.delayed]
[mauro-modern-fbt.blogspot.com/2017/04/congressional-leaders-reach-budget-debt.html]
[mauro-modern-fbt.blogspot.com/feeds/623425026929004713/comments/default]
[blogger.googleusercontent.com/img/b/R29vZ2xl/AVvXsEge6Q1gfWBbCGCUylhCyi7Um42lsTywUACiT3dNL2x/s1803/img-6.jpg]
[mauro-modern-fbt.blogspot.com/2017/03/nunc-accumsan-ex-ligula-in-sapien.html]
[mauro-modern-fbt.blogspot.com/feeds/4317416533084558103/comments/default]
[blogger.googleusercontent.com/img/b/R29vZ2xl/AVvXsEiRA8DDCEkqS9FIMh5FkfKKlGrwLPqJH26Zr03a09T/s1200/img-7.jpg]
[mauro-modern-fbt.blogspot.com/2017/03/lorem-ipsum-dolor-sit-amet-consectetur.html]
[mauro-modern-fbt.blogspot.com/feeds/7638114244896694298/comments/default]
[blogger.googleusercontent.com/img/b/R29vZ2xl/AVvXsEgLjgmnDH0A0aKZzxORHos5OTnTrLyNw6AOy4x1cc0/s1200/img-8.jpg]
[mauro-modern-fbt.blogspot.com/2017/03/creative-pretty-photography-ideas-from.html]
[blogger.googleusercontent.com/img/b/R29vZ2xl/AVvXsEiqYj-0_vWsg_m3WDuJ1to-nDpI5m3w-1cdwqcdh0q/s16000/img-11.jpg]
[mauro-modern-fbt.blogspot.com/2017/02/winter-fashion-trends-only-looks-you.html]
[blogger.googleusercontent.com/img/b/R29vZ2xl/AVvXsEgBHhoJE3W6P7zAA6Ni6Fai8Nu3fGDeDWPlodRov5N/s16000/img-3.jpg]
[mauro-modern-fbt.blogspot.com/search464b.html]
[mauro-modern-fbt.blogspot.com/_i class=_fa fa-instagram___/i_.html]
[mauro-modern-fbt.blogspot.com/search/label/Business.html]
[mauro-modern-fbt.blogspot.com/search/label/Business679c.html]
[mauro-modern-fbt.blogspot.com/search/label/Carousel.html]
[mauro-modern-fbt.blogspot.com/search/label/Carouselc69f.html]
[mauro-modern-fbt.blogspot.com/search/label/Entertainment.html]
[mauro-modern-fbt.blogspot.com/search/label/Entertainmentae53.html]
[mauro-modern-fbt.blogspot.com/search/label/Home.html]
[mauro-modern-fbt.blogspot.com/search/label/Lifestyle.html]
[mauro-modern-fbt.blogspot.com/search/label/People.html]
[mauro-modern-fbt.blogspot.com/search/label/Slider.html]
[mauro-modern-fbt.blogspot.com/search/label/Homecb21.html]
[mauro-modern-fbt.blogspot.com/search/label/Sport.html]
[mauro-modern-fbt.blogspot.com/search/label/Sport679c.html]
[mauro-modern-fbt.blogspot.com/search/label/Training.html]
[www.blogger.com/dyn-css/authorization846a.css]
[mauro-modern-fbt.blogspot.com/search/label/Training679c.html]
[mauro-modern-fbt.blogspot.com/feeds/1159189275103462222/comments/default]
[blogger.googleusercontent.com/img/b/R29vZ2xl/AVvXsEg-DItvur4j_6SeJj0ME6D2BukimBraG-bHZVdOLYl/s1200/img-13.jpg]
[mauro-modern-fbt.blogspot.com/2017/03/sed-odio-eros-dictum-non-augue-et.html]
[mauro-modern-fbt.blogspot.com/feeds/4096243621377416236/comments/default]
[blogger.googleusercontent.com/img/b/R29vZ2xl/AVvXsEgKU-Gdj-1N_Upht_ZMXJOioa-HJsPH8WdWoAjnVUA/s1200/img-14.jpg]
[mauro-modern-fbt.blogspot.com/2017/03/nulla-profecto-est-quin-suam-vim.html]
[mauro-modern-fbt.blogspot.com/2017/03/_i class=_fa fa-instagram___/i_.html]
[mauro-modern-fbt.blogspot.com/feeds/3097765244571326831/comments/default]
[blogger.googleusercontent.com/img/b/R29vZ2xl/AVvXsEiqYj-0_vWsg_m3WDuJ1to-nDpI5m3w-1cdwqcdh0q/s1200/img-11.jpg]
[mauro-modern-fbt.blogspot.com/2017/03/morbi-lobortis-ultricies-urna-neque.html]
[cdn.rtlcss.com/bootstrap/v4.5.3/css/bootstrap.min62d0.html]
[mauro-modern-fbt.blogspot.com/search/label/Politics562e.html]
[mauro-modern-fbt.blogspot.com/search/label/Politicsd3cc.html]
[mauro-modern-fbt.blogspot.com/2017/03/sed-odio-eros-dictum-non-augue-et562e.html]
[mauro-modern-fbt.blogspot.com/2017/03/why-product-thinking-is-next-big-thing.8b2b4c.delayed]
[mauro-modern-fbt.blogspot.com/2017/03/nulla-profecto-est-quin-suam-vim562e.html]
[mauro-modern-fbt.blogspot.com/2017/03/why-product-thinking-is-next-big-thing562e.html]
[mauro-modern-fbt.blogspot.com/2023/02/is-britains-likely-next-leader-great.8d2b4c.delayed]
[mauro-modern-fbt.blogspot.com/2017/03/why-product-thinking-is-next-big-thing2b4c.html]
[mauro-modern-fbt.blogspot.com/2023/02/is-britains-likely-next-leader-great562e.html]
[mauro-modern-fbt.blogspot.com/2023/02/is-britains-likely-next-leader-great2b4c.html]
[mauro-modern-fbt.blogspot.com/2017/03/why-us-newspapers-are-sounding-alarm562e.html]
[mauro-modern-fbt.blogspot.com/search/label/Design562e.html]
[mauro-modern-fbt.blogspot.com/2019/06/google-hit-with-record-eu-fine-over.912b4c.delayed]
[mauro-modern-fbt.blogspot.com/search/label/Design1135.html]
[mauro-modern-fbt.blogspot.com/2019/06/google-hit-with-record-eu-fine-over562e.html]
[mauro-modern-fbt.blogspot.com/2019/06/google-hit-with-record-eu-fine-over2b4c.html]
[mauro-modern-fbt.blogspot.com/search/label/Friends562e.html]
[mauro-modern-fbt.blogspot.com/2018/09/poeple-break-down-covid-19-home.942b4c.delayed]
[mauro-modern-fbt.blogspot.com/search/label/Friendsfe25.html]
[mauro-modern-fbt.blogspot.com/2018/09/poeple-break-down-covid-19-home562e.html]
[mauro-modern-fbt.blogspot.com/2018/05/apple-wants-same-apps-to-run-on-iphones.962b4c.delayed]
[mauro-modern-fbt.blogspot.com/2018/09/poeple-break-down-covid-19-home2b4c.html]
[mauro-modern-fbt.blogspot.com/2018/05/apple-wants-same-apps-to-run-on-iphones562e.html]
[mauro-modern-fbt.blogspot.com/2017/04/congressional-leaders-reach-budget-debt.982b4c.delayed]
[mauro-modern-fbt.blogspot.com/2018/05/apple-wants-same-apps-to-run-on-iphones2b4c.html]
[mauro-modern-fbt.blogspot.com/2017/04/congressional-leaders-reach-budget-debt562e.html]
[mauro-modern-fbt.blogspot.com/2017/03/nunc-accumsan-ex-ligula-in-sapien.9a2b4c.delayed]
[mauro-modern-fbt.blogspot.com/2017/04/congressional-leaders-reach-budget-debt2b4c.html]
[mauro-modern-fbt.blogspot.com/2017/03/nunc-accumsan-ex-ligula-in-sapien562e.html]
[mauro-modern-fbt.blogspot.com/2017/03/lorem-ipsum-dolor-sit-amet-consectetur.9c2b4c.delayed]
[mauro-modern-fbt.blogspot.com/2017/03/nunc-accumsan-ex-ligula-in-sapien2b4c.html]
[mauro-modern-fbt.blogspot.com/2017/03/lorem-ipsum-dolor-sit-amet-consectetur562e.html]
[mauro-modern-fbt.blogspot.com/2017/03/creative-pretty-photography-ideas-from.9e2b4c.delayed]
[mauro-modern-fbt.blogspot.com/2017/03/lorem-ipsum-dolor-sit-amet-consectetur2b4c.html]
[mauro-modern-fbt.blogspot.com/2017/03/creative-pretty-photography-ideas-from562e.html]
[mauro-modern-fbt.blogspot.com/2017/03/creative-pretty-photography-ideas-from2b4c.html]
[mauro-modern-fbt.blogspot.com/2017/03/corporate-workflow-make-difference562e.html]
[mauro-modern-fbt.blogspot.com/2017/03/morbi-lobortis-ultricies-urna-neque562e.html]
[mauro-modern-fbt.blogspot.com/search8ea8.html]
[mauro-modern-fbt.blogspot.com/2017/03/duis-tempor-purus-rutrum-tincidunt-lacus.a32b4c.delayed]
[mauro-modern-fbt.blogspot.com/2017/02/winter-fashion-trends-only-looks-you562e.html]
[mauro-modern-fbt.blogspot.com/2017/03/duis-tempor-purus-rutrum-tincidunt-lacus562e.html]
[mauro-modern-fbt.blogspot.com/2017/03/duis-tempor-purus-rutrum-tincidunt-lacus2b4c.html]
[mauro-modern-fbt.blogspot.com/search/label/Business562e.html]
[mauro-modern-fbt.blogspot.com/search/label/Businesse3cf.html]
[mauro-modern-fbt.blogspot.com/search/label/Carousel562e.html]
[mauro-modern-fbt.blogspot.com/search/label/Carousel9d68.html]
[mauro-modern-fbt.blogspot.com/search/label/Entertainment562e.html]
[mauro-modern-fbt.blogspot.com/search/label/Entertainmentc8ae.html]
[mauro-modern-fbt.blogspot.com/search/label/Home562e.html]
[mauro-modern-fbt.blogspot.com/search/label/Lifestyle562e.html]
[mauro-modern-fbt.blogspot.com/search/label/People562e.html]
[mauro-modern-fbt.blogspot.com/search/label/Slider562e.html]
[mauro-modern-fbt.blogspot.com/search/label/Home1135.html]
[mauro-modern-fbt.blogspot.com/search/label/Sport562e.html]
[mauro-modern-fbt.blogspot.com/search/label/Sporte3cf.html]
[mauro-modern-fbt.blogspot.com/search/label/Training562e.html]
[cdn.rtlcss.com/bootstrap/v4.5.3/js/bootstrap.bundle.min62d0.html]
[mauro-modern-fbt.blogspot.com/index2b4c.html]
[mauro-modern-fbt.blogspot.com/searche0a7.html]
[mauro-modern-fbt.blogspot.com/search/label/Politics546a.html]
[mauro-modern-fbt.blogspot.com/search/label/Traininge3cf.html]
[mauro-modern-fbt.blogspot.com/search/label/i_.html]
[mauro-modern-fbt.blogspot.com/search/label/_i class=_fa fa-instagram___/i_.html]
[mauro-modern-fbt.blogspot.com/2023/02/_i class=_fa fa-instagram___/i_.html]
[mauro-modern-fbt.blogspot.com/search/label/_i class=_fa fa-instagram___/_i class=_fa fa-instagram___/i_.html]
[mauro-modern-fbt.blogspot.com/feeds/366464011673406355/comments/default]
[blogger.googleusercontent.com/img/b/R29vZ2xl/AVvXsEi38kM_cVihHaSaw4oH1WV6pNj7HjT75J9BHLIuTzu/s1419/img-15.jpg]
[mauro-modern-fbt.blogspot.com/2017/03/why-us-newspapers-are-sounding-alarm.html]
[mauro-modern-fbt.blogspot.com/search/label/Designcb21.html]
[mauro-modern-fbt.blogspot.com/2019/06/_i class=_fa fa-instagram___/i_.html]
[mauro-modern-fbt.blogspot.com/search/label/Friendsbd58.html]
[mauro-modern-fbt.blogspot.com/2018/09/_i class=_fa fa-instagram___/i_.html]
[mauro-modern-fbt.blogspot.com/2018/05/_i class=_fa fa-instagram___/i_.html]
[mauro-modern-fbt.blogspot.com/2017/04/_i class=_fa fa-instagram___/i_.html]
[mauro-modern-fbt.blogspot.com/feeds/7239934551984091349/comments/default]
[blogger.googleusercontent.com/img/b/R29vZ2xl/AVvXsEgBHhoJE3W6P7zAA6Ni6Fai8Nu3fGDeDWPlodRov5N/s1480/img-3.jpg]
[mauro-modern-fbt.blogspot.com/2017/02/_i class=_fa fa-instagram___/i_.b1.delayed]
[mauro-modern-fbt.blogspot.com/2017/02/winter-fashion-trends-only-looks-you.html]
[mauro-modern-fbt.blogspot.com/search/label/Business679c.html]
[mauro-modern-fbt.blogspot.com/search/label/Carouselc69f.html]
[mauro-modern-fbt.blogspot.com/search/label/Entertainmentae53.html]
[mauro-modern-fbt.blogspot.com/search/label/Homecb21.html]
[mauro-modern-fbt.blogspot.com/search/label/Sport679c.html]
[mauro-modern-fbt.blogspot.com/search/label/Training679c.html]
[mauro-modern-fbt.blogspot.com/search/label/Politicsd3cc.html]
[mauro-modern-fbt.blogspot.com/2017/03/sed-odio-eros-dictum-non-augue-et.b22b4c.delayed]
[mauro-modern-fbt.blogspot.com/2017/03/sed-odio-eros-dictum-non-augue-et562e.html]
[mauro-modern-fbt.blogspot.com/2017/03/nulla-profecto-est-quin-suam-vim.b42b4c.delayed]
[mauro-modern-fbt.blogspot.com/2017/03/sed-odio-eros-dictum-non-augue-et2b4c.html]
[mauro-modern-fbt.blogspot.com/2017/03/nulla-profecto-est-quin-suam-vim562e.html]
[mauro-modern-fbt.blogspot.com/2017/03/why-product-thinking-is-next-big-thing2b4c.html]
[mauro-modern-fbt.blogspot.com/2023/02/is-britains-likely-next-leader-great2b4c.html]
[mauro-modern-fbt.blogspot.com/2017/03/why-us-newspapers-are-sounding-alarm.b62b4c.delayed]
[mauro-modern-fbt.blogspot.com/2017/03/nulla-profecto-est-quin-suam-vim2b4c.html]
[mauro-modern-fbt.blogspot.com/2017/03/why-us-newspapers-are-sounding-alarm562e.html]
[mauro-modern-fbt.blogspot.com/search/label/Design1135.html]
[mauro-modern-fbt.blogspot.com/2019/06/google-hit-with-record-eu-fine-over2b4c.html]
[mauro-modern-fbt.blogspot.com/search/label/Friendsfe25.html]
[mauro-modern-fbt.blogspot.com/2018/09/poeple-break-down-covid-19-home2b4c.html]
[mauro-modern-fbt.blogspot.com/2018/05/apple-wants-same-apps-to-run-on-iphones2b4c.html]
[mauro-modern-fbt.blogspot.com/2017/04/congressional-leaders-reach-budget-debt2b4c.html]
[mauro-modern-fbt.blogspot.com/2017/03/nunc-accumsan-ex-ligula-in-sapien2b4c.html]
[mauro-modern-fbt.blogspot.com/2017/03/lorem-ipsum-dolor-sit-amet-consectetur2b4c.html]
[mauro-modern-fbt.blogspot.com/2017/03/creative-pretty-photography-ideas-from2b4c.html]
[mauro-modern-fbt.blogspot.com/2017/03/corporate-workflow-make-difference.b82b4c.delayed]
[mauro-modern-fbt.blogspot.com/2017/03/why-us-newspapers-are-sounding-alarm2b4c.html]
[mauro-modern-fbt.blogspot.com/2017/03/corporate-workflow-make-difference562e.html]
[mauro-modern-fbt.blogspot.com/2017/03/morbi-lobortis-ultricies-urna-neque.ba2b4c.delayed]
[mauro-modern-fbt.blogspot.com/2017/03/corporate-workflow-make-difference2b4c.html]
[mauro-modern-fbt.blogspot.com/2017/03/morbi-lobortis-ultricies-urna-neque562e.html]
[mauro-modern-fbt.blogspot.com/2017/02/winter-fashion-trends-only-looks-you.bc2b4c.delayed]
[mauro-modern-fbt.blogspot.com/2017/03/morbi-lobortis-ultricies-urna-neque2b4c.html]
[mauro-modern-fbt.blogspot.com/2017/02/winter-fashion-trends-only-looks-you562e.html]
[mauro-modern-fbt.blogspot.com/2017/03/duis-tempor-purus-rutrum-tincidunt-lacus2b4c.html]
[mauro-modern-fbt.blogspot.com/search/label/Businesse3cf.html]
[mauro-modern-fbt.blogspot.com/search/label/Carousel9d68.html]
[mauro-modern-fbt.blogspot.com/search/label/Entertainmentc8ae.html]
[mauro-modern-fbt.blogspot.com/search/label/Home1135.html]
[mauro-modern-fbt.blogspot.com/search/label/Sporte3cf.html]
[mauro-modern-fbt.blogspot.com/search/label/Traininge3cf.html]
[mauro-modern-fbt.blogspot.com/search/label/i_.html]
[mauro-modern-fbt.blogspot.com/2017/02/winter-fashion-trends-only-looks-you2b4c.html]
[mauro-modern-fbt.blogspot.com/search/label/_i class=_fa fa-instagram___/_i class=_fa fa-instagram___/i_.html]
[mauro-modern-fbt.blogspot.com/2017/02/_i class=_fa fa-instagram___/i_.html]
[mauro-modern-fbt.blogspot.com/2017/03/sed-odio-eros-dictum-non-augue-et2b4c.html]
[mauro-modern-fbt.blogspot.com/2017/03/nulla-profecto-est-quin-suam-vim2b4c.html]
[mauro-modern-fbt.blogspot.com/2017/03/why-us-newspapers-are-sounding-alarm2b4c.html]
[mauro-modern-fbt.blogspot.com/2017/03/corporate-workflow-make-difference2b4c.html]
[mauro-modern-fbt.blogspot.com/2017/03/morbi-lobortis-ultricies-urna-neque2b4c.html]
[mauro-modern-fbt.blogspot.com/2017/02/winter-fashion-trends-only-looks-you2b4c.html]
[mauro-modern-fbt.blogspot.com/search/label/_i class=_fa fa-instagram___/_i class=_fa fa-instagram___/_i class=_fa fa-instagram___/i_.html]
[mauro-modern-fbt.blogspot.com/search/label/_i class=_fa fa-instagram___/_i class=_fa fa-instagram___/_i class=_fa fa-instagram___/i_.html]
[mauro-modern-fbt.blogspot.com/search/label/_i class=_fa fa-instagram___/_i class=_fa fa-instagram___/_i class=_fa fa-instagram___/_i class=_fa fa-instagram___/i_.html]
[mauro-modern-fbt.blogspot.com/search/label/_i class=_fa fa-instagram___/_i class=_fa fa-instagram___/_i class=_fa fa-instagram___/_i class=_fa fa-instagram___/i_.html]
[mauro-modern-fbt.blogspot.com/search/label/_i class=_fa fa-instagram___/_i class=_fa fa-instagram___/_i class=_fa fa-instagram___/_i class=_fa fa-instagram___/_i class=_fa fa-instagram___/i_.html]
[mauro-modern-fbt.blogspot.com/search/label/_i class=_fa fa-instagram___/_i class=_fa fa-instagram___/_i class=_fa fa-instagram___/_i class=_fa fa-instagram___/_i class=_fa fa-instagram___/i_.html]
[mauro-modern-fbt.blogspot.com/search/label/_i class=_fa fa-instagram___/_i class=_fa fa-instagram___/_i class=_fa fa-instagram___/_i class=_fa fa-instagram___/_i class=_fa fa-instagram___/_i class=_fa/i_.c1.delaye]
[mauro-modern-fbt.blogspot.com/search/label/_i class=_fa fa-instagram___/_i class=_fa fa-instagram___/_i class=_fa fa-instagram___/_i class=_fa fa-instagram___/_i class=_fa fa-instagram___/_i class=_fa/i_.c1.delaye]
[mauro-modern-fbt.blogspot.com/search/label/_i class=_fa fa-instagram___/_i class=_fa fa-instagram___/_i class=_fa fa-instagram___/_i class=_fa fa-instagram___/_i class=_fa fa-instagram___/_i class=_fa/i_.c2.delaye]
[mauro-modern-fbt.blogspot.com/search/label/_i class=_fa fa-instagram___/_i class=_fa fa-instagram___/_i class=_fa fa-instagram___/_i class=_fa fa-instagram___/_i class=_fa fa-instagram___/_i class=_fa/i_.c2.delaye]
[mauro-modern-fbt.blogspot.com/search/label/_i class=_fa fa-instagram___/_i class=_fa fa-instagram___/_i class=_fa fa-instagram___/_i class=_fa fa-instagram___/_i class=_fa fa-instagram___/_i class=_fa/i_.c3.delaye]
[mauro-modern-fbt.blogspot.com/search/label/_i class=_fa fa-instagram___/_i class=_fa fa-instagram___/_i class=_fa fa-instagram___/_i class=_fa fa-instagram___/_i class=_fa fa-instagram___/_i class=_fa/i_.c3.delaye]
[mauro-modern-fbt.blogspot.com/search/label/_i class=_fa fa-instagram___/_i class=_fa fa-instagram___/_i class=_fa fa-instagram___/_i class=_fa fa-instagram___/_i class=_fa fa-instagram___/_i class=_fa/i_.c4.delaye]
[mauro-modern-fbt.blogspot.com/search/label/_i class=_fa fa-instagram___/_i class=_fa fa-instagram___/_i class=_fa fa-instagram___/_i class=_fa fa-instagram___/_i class=_fa fa-instagram___/_i class=_fa/i_.c4.delaye]
[mauro-modern-fbt.blogspot.com/search/label/_i class=_fa fa-instagram___/_i class=_fa fa-instagram___/_i class=_fa fa-instagram___/_i class=_fa fa-instagram___/_i class=_fa fa-instagram___/_i class=_fa/i_.c5.delaye]
[mauro-modern-fbt.blogspot.com/search/label/_i class=_fa fa-instagram___/_i class=_fa fa-instagram___/_i class=_fa fa-instagram___/_i class=_fa fa-instagram___/_i class=_fa fa-instagram___/_i class=_fa/i_.c5.delaye]
[mauro-modern-fbt.blogspot.com/search/label/_i class=_fa fa-instagram___/_i class=_fa fa-instagram___/_i class=_fa fa-instagram___/_i class=_fa fa-instagram___/_i class=_fa fa-instagram___/_i class=_fa/i_.c6.delaye]
[mauro-modern-fbt.blogspot.com/search/label/_i class=_fa fa-instagram___/_i class=_fa fa-instagram___/_i class=_fa fa-instagram___/_i class=_fa fa-instagram___/_i class=_fa fa-instagram___/_i class=_fa/i_.c6.delaye]
[mauro-modern-fbt.blogspot.com/search/label/_i class=_fa fa-instagram___/_i class=_fa fa-instagram___/_i class=_fa fa-instagram___/_i class=_fa fa-instagram___/_i class=_fa fa-instagram___/_i class=_fa/i_.c7.delaye]
[mauro-modern-fbt.blogspot.com/search/label/_i class=_fa fa-instagram___/_i class=_fa fa-instagram___/_i class=_fa fa-instagram___/_i class=_fa fa-instagram___/_i class=_fa fa-instagram___/_i class=_fa/i_.c7.delaye]
[mauro-modern-fbt.blogspot.com/search/label/_i class=_fa fa-instagram___/_i class=_fa fa-instagram___/_i class=_fa fa-instagram___/_i class=_fa fa-instagram___/_i class=_fa fa-instagram___/_i class=_fa/i_.c8.delaye]
[mauro-modern-fbt.blogspot.com/search/label/_i class=_fa fa-instagram___/_i class=_fa fa-instagram___/_i class=_fa fa-instagram___/_i class=_fa fa-instagram___/_i class=_fa fa-instagram___/_i class=_fa/i_.c8.delaye]
[mauro-modern-fbt.blogspot.com/search/label/_i class=_fa fa-instagram___/_i class=_fa fa-instagram___/_i class=_fa fa-instagram___/_i class=_fa fa-instagram___/_i class=_fa fa-instagram___/_i class=_fa/i_.c9.delaye]
[mauro-modern-fbt.blogspot.com/search/label/_i class=_fa fa-instagram___/_i class=_fa fa-instagram___/_i class=_fa fa-instagram___/_i class=_fa fa-instagram___/_i class=_fa fa-instagram___/_i class=_fa/i_.c9.delaye]
[mauro-modern-fbt.blogspot.com/search/label/_i class=_fa fa-instagram___/_i class=_fa fa-instagram___/_i class=_fa fa-instagram___/_i class=_fa fa-instagram___/_i class=_fa fa-instagram___/_i class=_fa/i_.ca.delaye]
[mauro-modern-fbt.blogspot.com/search/label/_i class=_fa fa-instagram___/_i class=_fa fa-instagram___/_i class=_fa fa-instagram___/_i class=_fa fa-instagram___/_i class=_fa fa-instagram___/_i class=_fa/i_.ca.delaye]
[mauro-modern-fbt.blogspot.com/search/label/_i class=_fa fa-instagram___/_i class=_fa fa-instagram___/_i class=_fa fa-instagram___/_i class=_fa fa-instagram___/_i class=_fa fa-instagram___/_i class=_fa/i_.cb.delaye]
[mauro-modern-fbt.blogspot.com/search/label/_i class=_fa fa-instagram___/_i class=_fa fa-instagram___/_i class=_fa fa-instagram___/_i class=_fa fa-instagram___/_i class=_fa fa-instagram___/_i class=_fa/i_.cb.delaye]
[mauro-modern-fbt.blogspot.com/search/label/_i class=_fa fa-instagram___/_i class=_fa fa-instagram___/_i class=_fa fa-instagram___/_i class=_fa fa-instagram___/_i class=_fa fa-instagram___/_i class=_fa/i_.cc.delaye]
[mauro-modern-fbt.blogspot.com/search/label/_i class=_fa fa-instagram___/_i class=_fa fa-instagram___/_i class=_fa fa-instagram___/_i class=_fa fa-instagram___/_i class=_fa fa-instagram___/_i class=_fa/i_.cc.delaye]
[mauro-modern-fbt.blogspot.com/search/label/_i class=_fa fa-instagram___/_i class=_fa fa-instagram___/_i class=_fa fa-instagram___/_i class=_fa fa-instagram___/_i class=_fa fa-instagram___/_i class=_fa/i_.cd.delaye]
[mauro-modern-fbt.blogspot.com/search/label/_i class=_fa fa-instagram___/_i class=_fa fa-instagram___/_i class=_fa fa-instagram___/_i class=_fa fa-instagram___/_i class=_fa fa-instagram___/_i class=_fa/i_.cd.delaye]
[mauro-modern-fbt.blogspot.com/search/label/_i class=_fa fa-instagram___/_i class=_fa fa-instagram___/_i class=_fa fa-instagram___/_i class=_fa fa-instagram___/_i class=_fa fa-instagram___/_i class=_fa/i_.ce.delaye]
[mauro-modern-fbt.blogspot.com/search/label/_i class=_fa fa-instagram___/_i class=_fa fa-instagram___/_i class=_fa fa-instagram___/_i class=_fa fa-instagram___/_i class=_fa fa-instagram___/_i class=_fa/i_.ce.delaye]
[mauro-modern-fbt.blogspot.com/search/label/_i class=_fa fa-instagram___/_i class=_fa fa-instagram___/_i class=_fa fa-instagram___/_i class=_fa fa-instagram___/_i class=_fa fa-instagram___/_i class=_fa/i_.cf.delaye]
[mauro-modern-fbt.blogspot.com/search/label/_i class=_fa fa-instagram___/_i class=_fa fa-instagram___/_i class=_fa fa-instagram___/_i class=_fa fa-instagram___/_i class=_fa fa-instagram___/_i class=_fa/i_.cf.delaye]
[mauro-modern-fbt.blogspot.com/search/label/_i class=_fa fa-instagram___/_i class=_fa fa-instagram___/_i class=_fa fa-instagram___/_i class=_fa fa-instagram___/_i class=_fa fa-instagram___/_i class=_fa/i_.d0.delaye]
[mauro-modern-fbt.blogspot.com/search/label/_i class=_fa fa-instagram___/_i class=_fa fa-instagram___/_i class=_fa fa-instagram___/_i class=_fa fa-instagram___/_i class=_fa fa-instagram___/_i class=_fa/i_.d0.delaye]
[mauro-modern-fbt.blogspot.com/search/label/_i class=_fa fa-instagram___/_i class=_fa fa-instagram___/_i class=_fa fa-instagram___/_i class=_fa fa-instagram___/_i class=_fa fa-instagram___/_i class=_fa/i_.d1.delaye]
[mauro-modern-fbt.blogspot.com/search/label/_i class=_fa fa-instagram___/_i class=_fa fa-instagram___/_i class=_fa fa-instagram___/_i class=_fa fa-instagram___/_i class=_fa fa-instagram___/_i class=_fa/i_.d1.delaye]
[mauro-modern-fbt.blogspot.com/search/label/_i class=_fa fa-instagram___/_i class=_fa fa-instagram___/_i class=_fa fa-instagram___/_i class=_fa fa-instagram___/_i class=_fa fa-instagram___/_i class=_fa/i_.d2.delaye]
[mauro-modern-fbt.blogspot.com/search/label/_i class=_fa fa-instagram___/_i class=_fa fa-instagram___/_i class=_fa fa-instagram___/_i class=_fa fa-instagram___/_i class=_fa fa-instagram___/_i class=_fa/i_.d2.delaye]
[mauro-modern-fbt.blogspot.com/search/label/_i class=_fa fa-instagram___/_i class=_fa fa-instagram___/_i class=_fa fa-instagram___/_i class=_fa fa-instagram___/_i class=_fa fa-instagram___/_i class=_fa/i_.d3.delaye]
[mauro-modern-fbt.blogspot.com/search/label/_i class=_fa fa-instagram___/_i class=_fa fa-instagram___/_i class=_fa fa-instagram___/_i class=_fa fa-instagram___/_i class=_fa fa-instagram___/_i class=_fa/i_.d3.delaye]
[mauro-modern-fbt.blogspot.com/search/label/_i class=_fa fa-instagram___/_i class=_fa fa-instagram___/_i class=_fa fa-instagram___/_i class=_fa fa-instagram___/_i class=_fa fa-instagram___/_i class=_fa/i_.d4.delaye]
[mauro-modern-fbt.blogspot.com/search/label/_i class=_fa fa-instagram___/_i class=_fa fa-instagram___/_i class=_fa fa-instagram___/_i class=_fa fa-instagram___/_i class=_fa fa-instagram___/_i class=_fa/i_.d4.delaye]
[mauro-modern-fbt.blogspot.com/search/label/_i class=_fa fa-instagram___/_i class=_fa fa-instagram___/_i class=_fa fa-instagram___/_i class=_fa fa-instagram___/_i class=_fa fa-instagram___/_i class=_fa/i_.d5.delaye]
[mauro-modern-fbt.blogspot.com/search/label/_i class=_fa fa-instagram___/_i class=_fa fa-instagram___/_i class=_fa fa-instagram___/_i class=_fa fa-instagram___/_i class=_fa fa-instagram___/_i class=_fa/i_.d5.delaye]
[mauro-modern-fbt.blogspot.com/search/label/_i class=_fa fa-instagram___/_i class=_fa fa-instagram___/_i class=_fa fa-instagram___/_i class=_fa fa-instagram___/_i class=_fa fa-instagram___/_i class=_fa/i_.d6.delaye]
[mauro-modern-fbt.blogspot.com/search/label/_i class=_fa fa-instagram___/_i class=_fa fa-instagram___/_i class=_fa fa-instagram___/_i class=_fa fa-instagram___/_i class=_fa fa-instagram___/_i class=_fa/i_.d6.delaye]
[mauro-modern-fbt.blogspot.com/search/label/_i class=_fa fa-instagram___/_i class=_fa fa-instagram___/_i class=_fa fa-instagram___/_i class=_fa fa-instagram___/_i class=_fa fa-instagram___/_i class=_fa/i_.d7.delaye]
[mauro-modern-fbt.blogspot.com/search/label/_i class=_fa fa-instagram___/_i class=_fa fa-instagram___/_i class=_fa fa-instagram___/_i class=_fa fa-instagram___/_i class=_fa fa-instagram___/_i class=_fa/i_.d7.delaye]
[mauro-modern-fbt.blogspot.com/search/label/_i class=_fa fa-instagram___/_i class=_fa fa-instagram___/_i class=_fa fa-instagram___/_i class=_fa fa-instagram___/_i class=_fa fa-instagram___/_i class=_fa/i_.d8.delaye]
[mauro-modern-fbt.blogspot.com/search/label/_i class=_fa fa-instagram___/_i class=_fa fa-instagram___/_i class=_fa fa-instagram___/_i class=_fa fa-instagram___/_i class=_fa fa-instagram___/_i class=_fa/i_.d8.delaye]
[mauro-modern-fbt.blogspot.com/search/label/_i class=_fa fa-instagram___/_i class=_fa fa-instagram___/_i class=_fa fa-instagram___/_i class=_fa fa-instagram___/_i class=_fa fa-instagram___/_i class=_fa/i_.d9.delaye]
[mauro-modern-fbt.blogspot.com/search/label/_i class=_fa fa-instagram___/_i class=_fa fa-instagram___/_i class=_fa fa-instagram___/_i class=_fa fa-instagram___/_i class=_fa fa-instagram___/_i class=_fa/i_.d9.delaye]
[mauro-modern-fbt.blogspot.com/search/label/_i class=_fa fa-instagram___/_i class=_fa fa-instagram___/_i class=_fa fa-instagram___/_i class=_fa fa-instagram___/_i class=_fa fa-instagram___/_i class=_fa/i_.da.delaye]
[mauro-modern-fbt.blogspot.com/search/label/_i class=_fa fa-instagram___/_i class=_fa fa-instagram___/_i class=_fa fa-instagram___/_i class=_fa fa-instagram___/_i class=_fa fa-instagram___/_i class=_fa/i_.da.delaye]
[mauro-modern-fbt.blogspot.com/search/label/_i class=_fa fa-instagram___/_i class=_fa fa-instagram___/_i class=_fa fa-instagram___/_i class=_fa fa-instagram___/_i class=_fa fa-instagram___/_i class=_fa/i_.db.delaye]
[mauro-modern-fbt.blogspot.com/search/label/_i class=_fa fa-instagram___/_i class=_fa fa-instagram___/_i class=_fa fa-instagram___/_i class=_fa fa-instagram___/_i class=_fa fa-instagram___/_i class=_fa/i_.db.delaye]
[mauro-modern-fbt.blogspot.com/search/label/_i class=_fa fa-instagram___/_i class=_fa fa-instagram___/_i class=_fa fa-instagram___/_i class=_fa fa-instagram___/_i class=_fa fa-instagram___/_i class=_fa/i_.dc.delaye]
[mauro-modern-fbt.blogspot.com/search/label/_i class=_fa fa-instagram___/_i class=_fa fa-instagram___/_i class=_fa fa-instagram___/_i class=_fa fa-instagram___/_i class=_fa fa-instagram___/_i class=_fa/i_.dc.delaye]
[mauro-modern-fbt.blogspot.com/search/label/_i class=_fa fa-instagram___/_i class=_fa fa-instagram___/_i class=_fa fa-instagram___/_i class=_fa fa-instagram___/_i class=_fa fa-instagram___/_i class=_fa/i_.dd.delaye]
[mauro-modern-fbt.blogspot.com/search/label/_i class=_fa fa-instagram___/_i class=_fa fa-instagram___/_i class=_fa fa-instagram___/_i class=_fa fa-instagram___/_i class=_fa fa-instagram___/_i class=_fa/i_.dd.delaye]
